<?xml version="1.0" encoding="UTF-8"?>
<!-- Generated by org.testng.reporters.JUnitReportReporter -->
<testsuite hostname="DESKTOP-83HSI3K" failures="0" tests="4" name="TestCases.OpenGoogleUrlTestCases" time="120.934" errors="0" timestamp="2023-07-21T22:38:19 IST" skipped="0">
  <testcase classname="TestCases.OpenGoogleUrlTestCases" name="checkKeywordAddOrNot" time="34.544"/>
  <testcase classname="TestCases.OpenGoogleUrlTestCases" name="checkKeywordAddOrNot" time="27.140"/>
  <testcase classname="TestCases.OpenGoogleUrlTestCases" name="checkKeywordAddOrNot" time="30.248"/>
  <testcase classname="TestCases.OpenGoogleUrlTestCases" name="checkKeywordAddOrNot" time="29.002"/>
</testsuite> <!-- TestCases.OpenGoogleUrlTestCases -->
